# JRE version: OpenJDK Runtime Environment Temurin-17.0.7+7 (17.0.7+7) (build 17.0.7+7)
# Java VM: OpenJDK 64-Bit Server VM Temurin-17.0.7+7 (17.0.7+7, mixed mode, tiered, compressed oops, compressed class ptrs, g1 gc, windows-amd64)
GC Precious Log:
 CPUs: 8 total, 8 available
 Memory: 16167M
 Large Page Support: Disabled
 NUMA Support: Disabled
 Compressed Oops: Enabled (32-bit)
 Heap Region Size: 1M
 Heap Min Capacity: 8M
 Heap Initial Capacity: 254M
 Heap Max Capacity: 2G
 Pre-touch: Disabled
 Parallel Workers: 8
 Concurrent Workers: 2
 Concurrent Refinement Workers: 8
 Periodic GC: Disabled
Heap:
 garbage-first heap   total 121856K, used 53433K [0x0000000080000000, 0x0000000100000000)
  region size 1024K, 22 young (22528K), 5 survivors (5120K)
 Metaspace       used 45024K, committed 45568K, reserved 1114112K
  class space    used 4986K, committed 5248K, reserved 1048576K
GC Heap History (20 events):
Event: 1.879 GC heap before
{Heap before GC invocations=3 (full 0):
 garbage-first heap   total 260096K, used 43799K [0x0000000080000000, 0x0000000100000000)
  region size 1024K, 30 young (30720K), 6 survivors (6144K)
 Metaspace       used 21370K, committed 21504K, reserved 1114112K
  class space    used 2243K, committed 2304K, reserved 1048576K
}
Event: 1.884 GC heap after
{Heap after GC invocations=4 (full 0):
 garbage-first heap   total 260096K, used 21371K [0x0000000080000000, 0x0000000100000000)
  region size 1024K, 7 young (7168K), 7 survivors (7168K)
 Metaspace       used 21370K, committed 21504K, reserved 1114112K
  class space    used 2243K, committed 2304K, reserved 1048576K
}
Event: 2.092 GC heap before
{Heap before GC invocations=5 (full 0):
 garbage-first heap   total 78848K, used 59259K [0x0000000080000000, 0x0000000100000000)
  region size 1024K, 45 young (46080K), 7 survivors (7168K)
 Metaspace       used 22069K, committed 22336K, reserved 1114112K
  class space    used 2312K, committed 2432K, reserved 1048576K
}
Event: 2.099 GC heap after
{Heap after GC invocations=6 (full 0):
 garbage-first heap   total 78848K, used 22161K [0x0000000080000000, 0x0000000100000000)
  region size 1024K, 8 young (8192K), 8 survivors (8192K)
 Metaspace       used 22069K, committed 22336K, reserved 1114112K
  class space    used 2312K, committed 2432K, reserved 1048576K
}
Event: 2.459 GC heap before
{Heap before GC invocations=6 (full 0):
 garbage-first heap   total 78848K, used 53905K [0x0000000080000000, 0x0000000100000000)
  region size 1024K, 39 young (39936K), 8 survivors (8192K)
 Metaspace       used 24578K, committed 24896K, reserved 1114112K
  class space    used 2567K, committed 2688K, reserved 1048576K
}
Event: 2.467 GC heap after
{Heap after GC invocations=7 (full 0):
 garbage-first heap   total 78848K, used 23792K [0x0000000080000000, 0x0000000100000000)
  region size 1024K, 4 young (4096K), 4 survivors (4096K)
 Metaspace       used 24578K, committed 24896K, reserved 1114112K
  class space    used 2567K, committed 2688K, reserved 1048576K
}
Event: 3.083 GC heap before
{Heap before GC invocations=7 (full 0):
 garbage-first heap   total 78848K, used 55536K [0x0000000080000000, 0x0000000100000000)
  region size 1024K, 35 young (35840K), 4 survivors (4096K)
 Metaspace       used 31209K, committed 31552K, reserved 1114112K
  class space    used 3326K, committed 3520K, reserved 1048576K
}
Event: 3.089 GC heap after
{Heap after GC invocations=8 (full 0):
 garbage-first heap   total 78848K, used 26681K [0x0000000080000000, 0x0000000100000000)
  region size 1024K, 5 young (5120K), 5 survivors (5120K)
 Metaspace       used 31209K, committed 31552K, reserved 1114112K
  class space    used 3326K, committed 3520K, reserved 1048576K
}
Event: 3.242 GC heap before
{Heap before GC invocations=8 (full 0):
 garbage-first heap   total 78848K, used 60473K [0x0000000080000000, 0x0000000100000000)
  region size 1024K, 35 young (35840K), 5 survivors (5120K)
 Metaspace       used 32669K, committed 33024K, reserved 1114112K
  class space    used 3445K, committed 3648K, reserved 1048576K
}
Event: 3.249 GC heap after
{Heap after GC invocations=9 (full 0):
 garbage-first heap   total 101376K, used 28405K [0x0000000080000000, 0x0000000100000000)
  region size 1024K, 2 young (2048K), 2 survivors (2048K)
 Metaspace       used 32669K, committed 33024K, reserved 1114112K
  class space    used 3445K, committed 3648K, reserved 1048576K
}
Event: 3.459 GC heap before
{Heap before GC invocations=9 (full 0):
 garbage-first heap   total 101376K, used 76533K [0x0000000080000000, 0x0000000100000000)
  region size 1024K, 49 young (50176K), 2 survivors (2048K)
 Metaspace       used 33368K, committed 33728K, reserved 1114112K
  class space    used 3544K, committed 3712K, reserved 1048576K
}
Event: 3.465 GC heap after
{Heap after GC invocations=10 (full 0):
 garbage-first heap   total 101376K, used 28259K [0x0000000080000000, 0x0000000100000000)
  region size 1024K, 2 young (2048K), 2 survivors (2048K)
 Metaspace       used 33368K, committed 33728K, reserved 1114112K
  class space    used 3544K, committed 3712K, reserved 1048576K
}
Event: 3.834 GC heap before
{Heap before GC invocations=10 (full 0):
 garbage-first heap   total 101376K, used 78435K [0x0000000080000000, 0x0000000100000000)
  region size 1024K, 51 young (52224K), 2 survivors (2048K)
 Metaspace       used 35025K, committed 35456K, reserved 1114112K
  class space    used 3697K, committed 3904K, reserved 1048576K
}
Event: 3.839 GC heap after
{Heap after GC invocations=11 (full 0):
 garbage-first heap   total 101376K, used 29870K [0x0000000080000000, 0x0000000100000000)
  region size 1024K, 3 young (3072K), 3 survivors (3072K)
 Metaspace       used 35025K, committed 35456K, reserved 1114112K
  class space    used 3697K, committed 3904K, reserved 1048576K
}
Event: 3.984 GC heap before
{Heap before GC invocations=11 (full 0):
 garbage-first heap   total 101376K, used 62638K [0x0000000080000000, 0x0000000100000000)
  region size 1024K, 36 young (36864K), 3 survivors (3072K)
 Metaspace       used 35711K, committed 36096K, reserved 1114112K
  class space    used 3775K, committed 3968K, reserved 1048576K
}
Event: 3.991 GC heap after
{Heap after GC invocations=12 (full 0):
 garbage-first heap   total 101376K, used 32509K [0x0000000080000000, 0x0000000100000000)
  region size 1024K, 6 young (6144K), 6 survivors (6144K)
 Metaspace       used 35711K, committed 36096K, reserved 1114112K
  class space    used 3775K, committed 3968K, reserved 1048576K
}
Event: 4.795 GC heap before
{Heap before GC invocations=13 (full 0):
 garbage-first heap   total 101376K, used 79613K [0x0000000080000000, 0x0000000100000000)
  region size 1024K, 52 young (53248K), 6 survivors (6144K)
 Metaspace       used 42203K, committed 42752K, reserved 1114112K
  class space    used 4668K, committed 4928K, reserved 1048576K
}
Event: 4.807 GC heap after
{Heap after GC invocations=14 (full 0):
 garbage-first heap   total 101376K, used 35856K [0x0000000080000000, 0x0000000100000000)
  region size 1024K, 6 young (6144K), 6 survivors (6144K)
 Metaspace       used 42203K, committed 42752K, reserved 1114112K
  class space    used 4668K, committed 4928K, reserved 1048576K
}
Event: 53.013 GC heap before
{Heap before GC invocations=14 (full 0):
 garbage-first heap   total 101376K, used 79888K [0x0000000080000000, 0x0000000100000000)
  region size 1024K, 49 young (50176K), 6 survivors (6144K)
 Metaspace       used 44768K, committed 45312K, reserved 1114112K
  class space    used 4972K, committed 5184K, reserved 1048576K
}
Event: 53.032 GC heap after
{Heap after GC invocations=15 (full 0):
 garbage-first heap   total 121856K, used 37049K [0x0000000080000000, 0x0000000100000000)
  region size 1024K, 5 young (5120K), 5 survivors (5120K)
 Metaspace       used 44768K, committed 45312K, reserved 1114112K
  class space    used 4972K, committed 5184K, reserved 1048576K
}

